[INFO] Scanning for projects...
[INFO] ------------------------------------------------------------------------
[INFO] Building Sonar Ruby Plugin
[INFO]    task-segment: [package]
[INFO] ------------------------------------------------------------------------
[INFO] [sonar-packaging:check-dependencies {execution: default-check-dependencies}]
[INFO] [jacoco:prepare-agent {execution: jacoco-initialize}]
[INFO] argLine set to -javaagent:D:\Users\widiantopa\.m2\repository\org\jacoco\org.jacoco.agent\0.6.3.201306030806\org.jacoco.agent-0.6.3.201306030806-runtime.jar=destfile=D:\GDEV\ruby-sonar-plugin\target\jacoco.exec
[INFO] [resources:resources {execution: default-resources}]
[INFO] Using 'UTF-8' encoding to copy filtered resources.
[INFO] Copying 5 resources
[INFO] [compiler:compile {execution: default-compile}]
[INFO] Nothing to compile - all classes are up to date
[INFO] [native2ascii:native2ascii {execution: default}]
[INFO] Includes: [**/*.properties]
[INFO] Excludes: []
[INFO] [resources:testResources {execution: default-testResources}]
[INFO] Using 'UTF-8' encoding to copy filtered resources.
[INFO] Copying 4 resources
[INFO] [compiler:testCompile {execution: default-testCompile}]
[INFO] Nothing to compile - all classes are up to date
[INFO] [surefire:test {execution: default-test}]
[INFO] Surefire report directory: D:\GDEV\ruby-sonar-plugin\target\surefire-reports
[INFO] Using configured provider org.apache.maven.surefire.junitcore.JUnitCoreProvider
[INFO] parallel='none', perCoreThreadCount=true, threadCount=2, useUnlimitedThreads=false

-------------------------------------------------------
 T E S T S
-------------------------------------------------------
Running com.godaddy.sonar.ruby.core.profiles.SonarWayProfileTest
Tests run: 2, Failures: 0, Errors: 0, Skipped: 0, Time elapsed: 0.053 sec - in com.godaddy.sonar.ruby.core.profiles.SonarWayProfileTest
Running com.godaddy.sonar.ruby.core.RubyFileTest
com.godaddy.sonar.ruby.core.RubyFile@114e3f41[key=[default]\file,package=[default],longName=file]
Tests run: 11, Failures: 5, Errors: 0, Skipped: 0, Time elapsed: 0.111 sec <<< FAILURE! - in com.godaddy.sonar.ruby.core.RubyFileTest
testMatchFilePatternString(com.godaddy.sonar.ruby.core.RubyFileTest)  Time elapsed: 0.013 sec  <<< FAILURE!
java.lang.AssertionError: null
	at org.junit.Assert.fail(Assert.java:86)
	at org.junit.Assert.assertTrue(Assert.java:41)
	at org.junit.Assert.assertTrue(Assert.java:52)
	at com.godaddy.sonar.ruby.core.RubyFileTest.testMatchFilePatternString(RubyFileTest.java:87)

testToString(com.godaddy.sonar.ruby.core.RubyFileTest)  Time elapsed: 0.027 sec  <<< FAILURE!
java.lang.AssertionError: null
	at org.junit.Assert.fail(Assert.java:86)
	at org.junit.Assert.assertTrue(Assert.java:41)
	at org.junit.Assert.assertTrue(Assert.java:52)
	at com.godaddy.sonar.ruby.core.RubyFileTest.testToString(RubyFileTest.java:93)

testRubyFileWithNullSourceDirs(com.godaddy.sonar.ruby.core.RubyFileTest)  Time elapsed: 0.004 sec  <<< FAILURE!
org.junit.ComparisonFailure: expected:<[default][/]file> but was:<[default][\]file>
	at org.junit.Assert.assertEquals(Assert.java:115)
	at org.junit.Assert.assertEquals(Assert.java:144)
	at com.godaddy.sonar.ruby.core.RubyFileTest.testRubyFileWithNullSourceDirs(RubyFileTest.java:46)

testGetLongName(com.godaddy.sonar.ruby.core.RubyFileTest)  Time elapsed: 0.002 sec  <<< FAILURE!
org.junit.ComparisonFailure: expected:<[source/]file> but was:<[]file>
	at org.junit.Assert.assertEquals(Assert.java:115)
	at org.junit.Assert.assertEquals(Assert.java:144)
	at com.godaddy.sonar.ruby.core.RubyFileTest.testGetLongName(RubyFileTest.java:72)

testGetParent(com.godaddy.sonar.ruby.core.RubyFileTest)  Time elapsed: 0.001 sec  <<< FAILURE!
org.junit.ComparisonFailure: expected:<[source]> but was:<[[default]]>
	at org.junit.Assert.assertEquals(Assert.java:115)
	at org.junit.Assert.assertEquals(Assert.java:144)
	at com.godaddy.sonar.ruby.core.RubyFileTest.testGetParent(RubyFileTest.java:52)

Running com.godaddy.sonar.ruby.core.RubyFootPrintTest
Tests run: 1, Failures: 0, Errors: 0, Skipped: 0, Time elapsed: 0.001 sec - in com.godaddy.sonar.ruby.core.RubyFootPrintTest
Running com.godaddy.sonar.ruby.core.RubyPackageTest
Tests run: 9, Failures: 0, Errors: 0, Skipped: 0, Time elapsed: 0.001 sec - in com.godaddy.sonar.ruby.core.RubyPackageTest
Running com.godaddy.sonar.ruby.core.RubyRecognizerTest
Tests run: 2, Failures: 0, Errors: 0, Skipped: 0, Time elapsed: 0 sec - in com.godaddy.sonar.ruby.core.RubyRecognizerTest
Running com.godaddy.sonar.ruby.core.RubySourceCodeColorizerTest
Tests run: 2, Failures: 0, Errors: 0, Skipped: 0, Time elapsed: 0.005 sec - in com.godaddy.sonar.ruby.core.RubySourceCodeColorizerTest
Running com.godaddy.sonar.ruby.core.RubySourceImporterTest
09:57:45.266 INFO  c.g.s.ruby.core.RubySourceImporter - Importing files from project null
09:57:45.272 INFO  c.g.s.ruby.core.RubySourceImporter - Got 1 source dirs
09:57:45.285 INFO  c.g.s.ruby.core.RubySourceImporter - Got 1 source files
09:57:45.286 INFO  c.g.s.ruby.core.RubySourceImporter - test-data
09:57:45.286 INFO  c.g.s.ruby.core.RubySourceImporter - Got 1 test dirs
09:57:45.286 INFO  c.g.s.ruby.core.RubySourceImporter - Got 1 test files
09:57:45.287 INFO  c.g.s.ruby.core.RubySourceImporter - test-data
Tests run: 6, Failures: 0, Errors: 0, Skipped: 0, Time elapsed: 0.567 sec - in com.godaddy.sonar.ruby.core.RubySourceImporterTest
Running com.godaddy.sonar.ruby.metricfu.MetricfuComplexitySensorTest
Tests run: 3, Failures: 1, Errors: 0, Skipped: 0, Time elapsed: 0.18 sec <<< FAILURE! - in com.godaddy.sonar.ruby.metricfu.MetricfuComplexitySensorTest
testShouldAnalyzeProject(com.godaddy.sonar.ruby.metricfu.MetricfuComplexitySensorTest)  Time elapsed: 0.176 sec  <<< FAILURE!
java.lang.AssertionError: 
  Unexpected method call SensorContext.saveMeasure(org.sonar.api.resources.File@1ce3570c[key=some_path/foo_bar.rb,dir=some_path,filename=foo_bar.rb,language=<null>], Metric[id=<null>,formula=org.sonar.api.measures.SumChildValuesFormula@361cb7a1,key=complexity,description=Cyclomatic complexity,type=INT,direction=-1,domain=Complexity,name=Complexity,qualitative=false,userManaged=false,enabled=true,origin=JAV,worstValue=<null>,bestValue=<null>,optimizedBestValue=false,hidden=false,deleteHistoricalData=false], 10.0):
    SensorContext.saveMeasure(isA(com.godaddy.sonar.ruby.core.RubyFile), isA(org.sonar.api.measures.Metric), isA(java.lang.Double)): expected: 2, actual: 0
    SensorContext.saveMeasure(isA(com.godaddy.sonar.ruby.core.RubyFile), isA(org.sonar.api.measures.Measure)): expected: 2, actual: 0
	at org.easymock.internal.MockInvocationHandler.invoke(MockInvocationHandler.java:44)
	at org.easymock.internal.ObjectMethodsFilter.invoke(ObjectMethodsFilter.java:94)
	at com.sun.proxy.$Proxy11.saveMeasure(Unknown Source)
	at com.godaddy.sonar.ruby.metricfu.MetricfuComplexitySensor.analyzeFile(MetricfuComplexitySensor.java:80)
	at com.godaddy.sonar.ruby.metricfu.MetricfuComplexitySensor.analyse(MetricfuComplexitySensor.java:52)
	at com.godaddy.sonar.ruby.metricfu.MetricfuComplexitySensorTest.testShouldAnalyzeProject(MetricfuComplexitySensorTest.java:97)

Running com.godaddy.sonar.ruby.metricfu.MetricfuYamlParserTest
Tests run: 1, Failures: 0, Errors: 0, Skipped: 0, Time elapsed: 0.125 sec - in com.godaddy.sonar.ruby.metricfu.MetricfuYamlParserTest
Running com.godaddy.sonar.ruby.metricfu.RubyFunctionTest
file: filename line: 10 name: foobar complexity: 1
Tests run: 8, Failures: 0, Errors: 0, Skipped: 0, Time elapsed: 0.001 sec - in com.godaddy.sonar.ruby.metricfu.RubyFunctionTest
Running com.godaddy.sonar.ruby.parsers.CommentCountParserTest
Tests run: 1, Failures: 0, Errors: 0, Skipped: 0, Time elapsed: 0 sec - in com.godaddy.sonar.ruby.parsers.CommentCountParserTest
Running com.godaddy.sonar.ruby.resources.RubyFileTest
Tests run: 1, Failures: 1, Errors: 0, Skipped: 0, Time elapsed: 0 sec <<< FAILURE! - in com.godaddy.sonar.ruby.resources.RubyFileTest
test(com.godaddy.sonar.ruby.resources.RubyFileTest)  Time elapsed: 0 sec  <<< FAILURE!
java.lang.AssertionError: array lengths differed, expected.length=1 actual.length=2
	at org.junit.Assert.fail(Assert.java:88)
	at org.junit.internal.ComparisonCriteria.assertArraysAreSameLength(ComparisonCriteria.java:71)
	at org.junit.internal.ComparisonCriteria.arrayEquals(ComparisonCriteria.java:32)
	at org.junit.Assert.internalArrayEquals(Assert.java:473)
	at org.junit.Assert.assertArrayEquals(Assert.java:265)
	at org.junit.Assert.assertArrayEquals(Assert.java:280)
	at com.godaddy.sonar.ruby.resources.RubyFileTest.test(RubyFileTest.java:33)

Running com.godaddy.sonar.ruby.RubyPluginTest
Tests run: 1, Failures: 0, Errors: 0, Skipped: 0, Time elapsed: 0.008 sec - in com.godaddy.sonar.ruby.RubyPluginTest
Running com.godaddy.sonar.ruby.RubySensorTest
Tests run: 4, Failures: 1, Errors: 0, Skipped: 0, Time elapsed: 0.029 sec <<< FAILURE! - in com.godaddy.sonar.ruby.RubySensorTest
testAnalyse(com.godaddy.sonar.ruby.RubySensorTest)  Time elapsed: 0.028 sec  <<< FAILURE!
java.lang.AssertionError: 
  Unexpected method call SensorContext.saveMeasure(org.sonar.api.resources.File@34e93999[key=hello_world.rb,dir=<null>,filename=hello_world.rb,language=<null>], Metric[id=<null>,formula=org.sonar.api.measures.SumChildValuesFormula@3bc486f2,key=lines,description=Lines,type=INT,direction=-1,domain=Size,name=Lines,qualitative=false,userManaged=false,enabled=true,origin=JAV,worstValue=<null>,bestValue=<null>,optimizedBestValue=false,hidden=false,deleteHistoricalData=false], 20.0):
    SensorContext.saveMeasure(isA(com.godaddy.sonar.ruby.core.RubyFile), isA(org.sonar.api.measures.Metric), isA(java.lang.Double)): expected: 5, actual: 0
    SensorContext.saveMeasure(isA(com.godaddy.sonar.ruby.core.RubyPackage), isA(org.sonar.api.measures.Metric), isA(java.lang.Double)): expected: 1, actual: 0
	at org.easymock.internal.MockInvocationHandler.invoke(MockInvocationHandler.java:44)
	at org.easymock.internal.ObjectMethodsFilter.invoke(ObjectMethodsFilter.java:94)
	at com.sun.proxy.$Proxy11.saveMeasure(Unknown Source)
	at com.godaddy.sonar.ruby.RubySensor.computeBaseMetrics(RubySensor.java:65)
	at com.godaddy.sonar.ruby.RubySensor.analyse(RubySensor.java:45)
	at com.godaddy.sonar.ruby.RubySensorTest.testAnalyse(RubySensorTest.java:94)

Running com.godaddy.sonar.ruby.simplecovrcov.SimpleCovRcovJsonParserTest
Tests run: 1, Failures: 0, Errors: 0, Skipped: 0, Time elapsed: 0.023 sec - in com.godaddy.sonar.ruby.simplecovrcov.SimpleCovRcovJsonParserTest
Running com.godaddy.sonar.ruby.simplecovrcov.SimpleCovRcovSensorTest
09:57:45.688 ERROR c.g.s.r.s.SimpleCovRcovSensor - unable to calculate Metrics
09:57:45.707 ERROR c.g.s.r.s.SimpleCovRcovSensor - Unable to save metrics for file: file1.rb
java.lang.NullPointerException: null
	at org.sonar.api.resources.File.<init>(File.java:54) ~[sonar-plugin-api-3.7.jar:na]
	at org.sonar.api.resources.File.fromIOFile(File.java:135) ~[sonar-plugin-api-3.7.jar:na]
	at com.godaddy.sonar.ruby.simplecovrcov.SimpleCovRcovSensor.calculateMetrics(SimpleCovRcovSensor.java:71) [classes/:na]
	at com.godaddy.sonar.ruby.simplecovrcov.SimpleCovRcovSensor.analyse(SimpleCovRcovSensor.java:51) [classes/:na]
	at com.godaddy.sonar.ruby.simplecovrcov.SimpleCovRcovSensorTest.testAnalyseWithMoreThanOneSrcDir(SimpleCovRcovSensorTest.java:148) [test-classes/:na]
	at sun.reflect.NativeMethodAccessorImpl.invoke0(Native Method) ~[na:1.6.0_45]
	at sun.reflect.NativeMethodAccessorImpl.invoke(NativeMethodAccessorImpl.java:39) ~[na:1.6.0_45]
	at sun.reflect.DelegatingMethodAccessorImpl.invoke(DelegatingMethodAccessorImpl.java:25) ~[na:1.6.0_45]
	at java.lang.reflect.Method.invoke(Method.java:597) ~[na:1.6.0_45]
	at org.junit.runners.model.FrameworkMethod$1.runReflectiveCall(FrameworkMethod.java:47) [junit-4.11.jar:na]
	at org.junit.internal.runners.model.ReflectiveCallable.run(ReflectiveCallable.java:12) [junit-4.11.jar:na]
	at org.junit.runners.model.FrameworkMethod.invokeExplosively(FrameworkMethod.java:44) [junit-4.11.jar:na]
	at org.junit.internal.runners.statements.InvokeMethod.evaluate(InvokeMethod.java:17) [junit-4.11.jar:na]
	at org.junit.internal.runners.statements.RunBefores.evaluate(RunBefores.java:26) [junit-4.11.jar:na]
	at org.junit.runners.ParentRunner.runLeaf(ParentRunner.java:271) [junit-4.11.jar:na]
	at org.junit.runners.BlockJUnit4ClassRunner.runChild(BlockJUnit4ClassRunner.java:70) [junit-4.11.jar:na]
	at org.junit.runners.BlockJUnit4ClassRunner.runChild(BlockJUnit4ClassRunner.java:50) [junit-4.11.jar:na]
	at org.junit.runners.ParentRunner$3.run(ParentRunner.java:238) [junit-4.11.jar:na]
	at org.junit.runners.ParentRunner$1.schedule(ParentRunner.java:63) [junit-4.11.jar:na]
	at org.junit.runners.ParentRunner.runChildren(ParentRunner.java:236) [junit-4.11.jar:na]
	at org.junit.runners.ParentRunner.access$000(ParentRunner.java:53) [junit-4.11.jar:na]
	at org.junit.runners.ParentRunner$2.evaluate(ParentRunner.java:229) [junit-4.11.jar:na]
	at org.junit.runners.ParentRunner.run(ParentRunner.java:309) [junit-4.11.jar:na]
	at org.junit.runners.Suite.runChild(Suite.java:127) [junit-4.11.jar:na]
	at org.junit.runners.Suite.runChild(Suite.java:26) [junit-4.11.jar:na]
	at org.junit.runners.ParentRunner$3.run(ParentRunner.java:238) [junit-4.11.jar:na]
	at org.junit.runners.ParentRunner$1.schedule(ParentRunner.java:63) [junit-4.11.jar:na]
	at org.junit.runners.ParentRunner.runChildren(ParentRunner.java:236) [junit-4.11.jar:na]
	at org.junit.runners.ParentRunner.access$000(ParentRunner.java:53) [junit-4.11.jar:na]
	at org.junit.runners.ParentRunner$2.evaluate(ParentRunner.java:229) [junit-4.11.jar:na]
	at org.junit.runners.ParentRunner.run(ParentRunner.java:309) [junit-4.11.jar:na]
	at org.junit.runner.JUnitCore.run(JUnitCore.java:160) [junit-4.11.jar:na]
	at org.junit.runner.JUnitCore.run(JUnitCore.java:138) [junit-4.11.jar:na]
	at org.apache.maven.surefire.junitcore.JUnitCoreWrapper.createReqestAndRun(JUnitCoreWrapper.java:139) [surefire-junit47-2.15.jar:2.15]
	at org.apache.maven.surefire.junitcore.JUnitCoreWrapper.executeEager(JUnitCoreWrapper.java:111) [surefire-junit47-2.15.jar:2.15]
	at org.apache.maven.surefire.junitcore.JUnitCoreWrapper.execute(JUnitCoreWrapper.java:84) [surefire-junit47-2.15.jar:2.15]
	at org.apache.maven.surefire.junitcore.JUnitCoreProvider.invoke(JUnitCoreProvider.java:135) [surefire-junit47-2.15.jar:2.15]
	at org.apache.maven.surefire.booter.ForkedBooter.invokeProviderInSameClassLoader(ForkedBooter.java:200) [surefire-booter-2.15.jar:2.15]
	at org.apache.maven.surefire.booter.ForkedBooter.runSuitesInProcess(ForkedBooter.java:153) [surefire-booter-2.15.jar:2.15]
	at org.apache.maven.surefire.booter.ForkedBooter.main(ForkedBooter.java:103) [surefire-booter-2.15.jar:2.15]
09:57:45.709 ERROR c.g.s.r.s.SimpleCovRcovSensor - Unable to save metrics for file: file.rb
java.lang.NullPointerException: null
	at org.sonar.api.resources.File.<init>(File.java:54) ~[sonar-plugin-api-3.7.jar:na]
	at org.sonar.api.resources.File.fromIOFile(File.java:135) ~[sonar-plugin-api-3.7.jar:na]
	at com.godaddy.sonar.ruby.simplecovrcov.SimpleCovRcovSensor.calculateMetrics(SimpleCovRcovSensor.java:71) [classes/:na]
	at com.godaddy.sonar.ruby.simplecovrcov.SimpleCovRcovSensor.analyse(SimpleCovRcovSensor.java:51) [classes/:na]
	at com.godaddy.sonar.ruby.simplecovrcov.SimpleCovRcovSensorTest.testAnalyseWithMoreThanOneSrcDir(SimpleCovRcovSensorTest.java:148) [test-classes/:na]
	at sun.reflect.NativeMethodAccessorImpl.invoke0(Native Method) ~[na:1.6.0_45]
	at sun.reflect.NativeMethodAccessorImpl.invoke(NativeMethodAccessorImpl.java:39) ~[na:1.6.0_45]
	at sun.reflect.DelegatingMethodAccessorImpl.invoke(DelegatingMethodAccessorImpl.java:25) ~[na:1.6.0_45]
	at java.lang.reflect.Method.invoke(Method.java:597) ~[na:1.6.0_45]
	at org.junit.runners.model.FrameworkMethod$1.runReflectiveCall(FrameworkMethod.java:47) [junit-4.11.jar:na]
	at org.junit.internal.runners.model.ReflectiveCallable.run(ReflectiveCallable.java:12) [junit-4.11.jar:na]
	at org.junit.runners.model.FrameworkMethod.invokeExplosively(FrameworkMethod.java:44) [junit-4.11.jar:na]
	at org.junit.internal.runners.statements.InvokeMethod.evaluate(InvokeMethod.java:17) [junit-4.11.jar:na]
	at org.junit.internal.runners.statements.RunBefores.evaluate(RunBefores.java:26) [junit-4.11.jar:na]
	at org.junit.runners.ParentRunner.runLeaf(ParentRunner.java:271) [junit-4.11.jar:na]
	at org.junit.runners.BlockJUnit4ClassRunner.runChild(BlockJUnit4ClassRunner.java:70) [junit-4.11.jar:na]
	at org.junit.runners.BlockJUnit4ClassRunner.runChild(BlockJUnit4ClassRunner.java:50) [junit-4.11.jar:na]
	at org.junit.runners.ParentRunner$3.run(ParentRunner.java:238) [junit-4.11.jar:na]
	at org.junit.runners.ParentRunner$1.schedule(ParentRunner.java:63) [junit-4.11.jar:na]
	at org.junit.runners.ParentRunner.runChildren(ParentRunner.java:236) [junit-4.11.jar:na]
	at org.junit.runners.ParentRunner.access$000(ParentRunner.java:53) [junit-4.11.jar:na]
	at org.junit.runners.ParentRunner$2.evaluate(ParentRunner.java:229) [junit-4.11.jar:na]
	at org.junit.runners.ParentRunner.run(ParentRunner.java:309) [junit-4.11.jar:na]
	at org.junit.runners.Suite.runChild(Suite.java:127) [junit-4.11.jar:na]
	at org.junit.runners.Suite.runChild(Suite.java:26) [junit-4.11.jar:na]
	at org.junit.runners.ParentRunner$3.run(ParentRunner.java:238) [junit-4.11.jar:na]
	at org.junit.runners.ParentRunner$1.schedule(ParentRunner.java:63) [junit-4.11.jar:na]
	at org.junit.runners.ParentRunner.runChildren(ParentRunner.java:236) [junit-4.11.jar:na]
	at org.junit.runners.ParentRunner.access$000(ParentRunner.java:53) [junit-4.11.jar:na]
	at org.junit.runners.ParentRunner$2.evaluate(ParentRunner.java:229) [junit-4.11.jar:na]
	at org.junit.runners.ParentRunner.run(ParentRunner.java:309) [junit-4.11.jar:na]
	at org.junit.runner.JUnitCore.run(JUnitCore.java:160) [junit-4.11.jar:na]
	at org.junit.runner.JUnitCore.run(JUnitCore.java:138) [junit-4.11.jar:na]
	at org.apache.maven.surefire.junitcore.JUnitCoreWrapper.createReqestAndRun(JUnitCoreWrapper.java:139) [surefire-junit47-2.15.jar:2.15]
	at org.apache.maven.surefire.junitcore.JUnitCoreWrapper.executeEager(JUnitCoreWrapper.java:111) [surefire-junit47-2.15.jar:2.15]
	at org.apache.maven.surefire.junitcore.JUnitCoreWrapper.execute(JUnitCoreWrapper.java:84) [surefire-junit47-2.15.jar:2.15]
	at org.apache.maven.surefire.junitcore.JUnitCoreProvider.invoke(JUnitCoreProvider.java:135) [surefire-junit47-2.15.jar:2.15]
	at org.apache.maven.surefire.booter.ForkedBooter.invokeProviderInSameClassLoader(ForkedBooter.java:200) [surefire-booter-2.15.jar:2.15]
	at org.apache.maven.surefire.booter.ForkedBooter.runSuitesInProcess(ForkedBooter.java:153) [surefire-booter-2.15.jar:2.15]
	at org.apache.maven.surefire.booter.ForkedBooter.main(ForkedBooter.java:103) [surefire-booter-2.15.jar:2.15]
09:57:45.710 ERROR c.g.s.r.s.SimpleCovRcovSensor - Unable to save metrics for file: file2.rb
java.lang.NullPointerException: null
	at org.sonar.api.resources.File.<init>(File.java:54) ~[sonar-plugin-api-3.7.jar:na]
	at org.sonar.api.resources.File.fromIOFile(File.java:135) ~[sonar-plugin-api-3.7.jar:na]
	at com.godaddy.sonar.ruby.simplecovrcov.SimpleCovRcovSensor.calculateMetrics(SimpleCovRcovSensor.java:71) [classes/:na]
	at com.godaddy.sonar.ruby.simplecovrcov.SimpleCovRcovSensor.analyse(SimpleCovRcovSensor.java:51) [classes/:na]
	at com.godaddy.sonar.ruby.simplecovrcov.SimpleCovRcovSensorTest.testAnalyseWithMoreThanOneSrcDir(SimpleCovRcovSensorTest.java:148) [test-classes/:na]
	at sun.reflect.NativeMethodAccessorImpl.invoke0(Native Method) ~[na:1.6.0_45]
	at sun.reflect.NativeMethodAccessorImpl.invoke(NativeMethodAccessorImpl.java:39) ~[na:1.6.0_45]
	at sun.reflect.DelegatingMethodAccessorImpl.invoke(DelegatingMethodAccessorImpl.java:25) ~[na:1.6.0_45]
	at java.lang.reflect.Method.invoke(Method.java:597) ~[na:1.6.0_45]
	at org.junit.runners.model.FrameworkMethod$1.runReflectiveCall(FrameworkMethod.java:47) [junit-4.11.jar:na]
	at org.junit.internal.runners.model.ReflectiveCallable.run(ReflectiveCallable.java:12) [junit-4.11.jar:na]
	at org.junit.runners.model.FrameworkMethod.invokeExplosively(FrameworkMethod.java:44) [junit-4.11.jar:na]
	at org.junit.internal.runners.statements.InvokeMethod.evaluate(InvokeMethod.java:17) [junit-4.11.jar:na]
	at org.junit.internal.runners.statements.RunBefores.evaluate(RunBefores.java:26) [junit-4.11.jar:na]
	at org.junit.runners.ParentRunner.runLeaf(ParentRunner.java:271) [junit-4.11.jar:na]
	at org.junit.runners.BlockJUnit4ClassRunner.runChild(BlockJUnit4ClassRunner.java:70) [junit-4.11.jar:na]
	at org.junit.runners.BlockJUnit4ClassRunner.runChild(BlockJUnit4ClassRunner.java:50) [junit-4.11.jar:na]
	at org.junit.runners.ParentRunner$3.run(ParentRunner.java:238) [junit-4.11.jar:na]
	at org.junit.runners.ParentRunner$1.schedule(ParentRunner.java:63) [junit-4.11.jar:na]
	at org.junit.runners.ParentRunner.runChildren(ParentRunner.java:236) [junit-4.11.jar:na]
	at org.junit.runners.ParentRunner.access$000(ParentRunner.java:53) [junit-4.11.jar:na]
	at org.junit.runners.ParentRunner$2.evaluate(ParentRunner.java:229) [junit-4.11.jar:na]
	at org.junit.runners.ParentRunner.run(ParentRunner.java:309) [junit-4.11.jar:na]
	at org.junit.runners.Suite.runChild(Suite.java:127) [junit-4.11.jar:na]
	at org.junit.runners.Suite.runChild(Suite.java:26) [junit-4.11.jar:na]
	at org.junit.runners.ParentRunner$3.run(ParentRunner.java:238) [junit-4.11.jar:na]
	at org.junit.runners.ParentRunner$1.schedule(ParentRunner.java:63) [junit-4.11.jar:na]
	at org.junit.runners.ParentRunner.runChildren(ParentRunner.java:236) [junit-4.11.jar:na]
	at org.junit.runners.ParentRunner.access$000(ParentRunner.java:53) [junit-4.11.jar:na]
	at org.junit.runners.ParentRunner$2.evaluate(ParentRunner.java:229) [junit-4.11.jar:na]
	at org.junit.runners.ParentRunner.run(ParentRunner.java:309) [junit-4.11.jar:na]
	at org.junit.runner.JUnitCore.run(JUnitCore.java:160) [junit-4.11.jar:na]
	at org.junit.runner.JUnitCore.run(JUnitCore.java:138) [junit-4.11.jar:na]
	at org.apache.maven.surefire.junitcore.JUnitCoreWrapper.createReqestAndRun(JUnitCoreWrapper.java:139) [surefire-junit47-2.15.jar:2.15]
	at org.apache.maven.surefire.junitcore.JUnitCoreWrapper.executeEager(JUnitCoreWrapper.java:111) [surefire-junit47-2.15.jar:2.15]
	at org.apache.maven.surefire.junitcore.JUnitCoreWrapper.execute(JUnitCoreWrapper.java:84) [surefire-junit47-2.15.jar:2.15]
	at org.apache.maven.surefire.junitcore.JUnitCoreProvider.invoke(JUnitCoreProvider.java:135) [surefire-junit47-2.15.jar:2.15]
	at org.apache.maven.surefire.booter.ForkedBooter.invokeProviderInSameClassLoader(ForkedBooter.java:200) [surefire-booter-2.15.jar:2.15]
	at org.apache.maven.surefire.booter.ForkedBooter.runSuitesInProcess(ForkedBooter.java:153) [surefire-booter-2.15.jar:2.15]
	at org.apache.maven.surefire.booter.ForkedBooter.main(ForkedBooter.java:103) [surefire-booter-2.15.jar:2.15]
09:57:45.712 ERROR c.g.s.r.s.SimpleCovRcovSensor - Unable to save metrics for file: file.rb
java.lang.NullPointerException: null
	at org.sonar.api.resources.File.<init>(File.java:54) ~[sonar-plugin-api-3.7.jar:na]
	at org.sonar.api.resources.File.fromIOFile(File.java:135) ~[sonar-plugin-api-3.7.jar:na]
	at com.godaddy.sonar.ruby.simplecovrcov.SimpleCovRcovSensor.calculateMetrics(SimpleCovRcovSensor.java:71) [classes/:na]
	at com.godaddy.sonar.ruby.simplecovrcov.SimpleCovRcovSensor.analyse(SimpleCovRcovSensor.java:51) [classes/:na]
	at com.godaddy.sonar.ruby.simplecovrcov.SimpleCovRcovSensorTest.testAnalyseWithMoreThanOneSrcDir(SimpleCovRcovSensorTest.java:148) [test-classes/:na]
	at sun.reflect.NativeMethodAccessorImpl.invoke0(Native Method) ~[na:1.6.0_45]
	at sun.reflect.NativeMethodAccessorImpl.invoke(NativeMethodAccessorImpl.java:39) ~[na:1.6.0_45]
	at sun.reflect.DelegatingMethodAccessorImpl.invoke(DelegatingMethodAccessorImpl.java:25) ~[na:1.6.0_45]
	at java.lang.reflect.Method.invoke(Method.java:597) ~[na:1.6.0_45]
	at org.junit.runners.model.FrameworkMethod$1.runReflectiveCall(FrameworkMethod.java:47) [junit-4.11.jar:na]
	at org.junit.internal.runners.model.ReflectiveCallable.run(ReflectiveCallable.java:12) [junit-4.11.jar:na]
	at org.junit.runners.model.FrameworkMethod.invokeExplosively(FrameworkMethod.java:44) [junit-4.11.jar:na]
	at org.junit.internal.runners.statements.InvokeMethod.evaluate(InvokeMethod.java:17) [junit-4.11.jar:na]
	at org.junit.internal.runners.statements.RunBefores.evaluate(RunBefores.java:26) [junit-4.11.jar:na]
	at org.junit.runners.ParentRunner.runLeaf(ParentRunner.java:271) [junit-4.11.jar:na]
	at org.junit.runners.BlockJUnit4ClassRunner.runChild(BlockJUnit4ClassRunner.java:70) [junit-4.11.jar:na]
	at org.junit.runners.BlockJUnit4ClassRunner.runChild(BlockJUnit4ClassRunner.java:50) [junit-4.11.jar:na]
	at org.junit.runners.ParentRunner$3.run(ParentRunner.java:238) [junit-4.11.jar:na]
	at org.junit.runners.ParentRunner$1.schedule(ParentRunner.java:63) [junit-4.11.jar:na]
	at org.junit.runners.ParentRunner.runChildren(ParentRunner.java:236) [junit-4.11.jar:na]
	at org.junit.runners.ParentRunner.access$000(ParentRunner.java:53) [junit-4.11.jar:na]
	at org.junit.runners.ParentRunner$2.evaluate(ParentRunner.java:229) [junit-4.11.jar:na]
	at org.junit.runners.ParentRunner.run(ParentRunner.java:309) [junit-4.11.jar:na]
	at org.junit.runners.Suite.runChild(Suite.java:127) [junit-4.11.jar:na]
	at org.junit.runners.Suite.runChild(Suite.java:26) [junit-4.11.jar:na]
	at org.junit.runners.ParentRunner$3.run(ParentRunner.java:238) [junit-4.11.jar:na]
	at org.junit.runners.ParentRunner$1.schedule(ParentRunner.java:63) [junit-4.11.jar:na]
	at org.junit.runners.ParentRunner.runChildren(ParentRunner.java:236) [junit-4.11.jar:na]
	at org.junit.runners.ParentRunner.access$000(ParentRunner.java:53) [junit-4.11.jar:na]
	at org.junit.runners.ParentRunner$2.evaluate(ParentRunner.java:229) [junit-4.11.jar:na]
	at org.junit.runners.ParentRunner.run(ParentRunner.java:309) [junit-4.11.jar:na]
	at org.junit.runner.JUnitCore.run(JUnitCore.java:160) [junit-4.11.jar:na]
	at org.junit.runner.JUnitCore.run(JUnitCore.java:138) [junit-4.11.jar:na]
	at org.apache.maven.surefire.junitcore.JUnitCoreWrapper.createReqestAndRun(JUnitCoreWrapper.java:139) [surefire-junit47-2.15.jar:2.15]
	at org.apache.maven.surefire.junitcore.JUnitCoreWrapper.executeEager(JUnitCoreWrapper.java:111) [surefire-junit47-2.15.jar:2.15]
	at org.apache.maven.surefire.junitcore.JUnitCoreWrapper.execute(JUnitCoreWrapper.java:84) [surefire-junit47-2.15.jar:2.15]
	at org.apache.maven.surefire.junitcore.JUnitCoreProvider.invoke(JUnitCoreProvider.java:135) [surefire-junit47-2.15.jar:2.15]
	at org.apache.maven.surefire.booter.ForkedBooter.invokeProviderInSameClassLoader(ForkedBooter.java:200) [surefire-booter-2.15.jar:2.15]
	at org.apache.maven.surefire.booter.ForkedBooter.runSuitesInProcess(ForkedBooter.java:153) [surefire-booter-2.15.jar:2.15]
	at org.apache.maven.surefire.booter.ForkedBooter.main(ForkedBooter.java:103) [surefire-booter-2.15.jar:2.15]
09:57:45.713 ERROR c.g.s.r.s.SimpleCovRcovSensor - Unable to save metrics for file: file1.rb
java.lang.NullPointerException: null
	at org.sonar.api.resources.File.<init>(File.java:54) ~[sonar-plugin-api-3.7.jar:na]
	at org.sonar.api.resources.File.fromIOFile(File.java:135) ~[sonar-plugin-api-3.7.jar:na]
	at com.godaddy.sonar.ruby.simplecovrcov.SimpleCovRcovSensor.calculateMetrics(SimpleCovRcovSensor.java:71) [classes/:na]
	at com.godaddy.sonar.ruby.simplecovrcov.SimpleCovRcovSensor.analyse(SimpleCovRcovSensor.java:51) [classes/:na]
	at com.godaddy.sonar.ruby.simplecovrcov.SimpleCovRcovSensorTest.testAnalyseWithMoreThanOneSrcDir(SimpleCovRcovSensorTest.java:148) [test-classes/:na]
	at sun.reflect.NativeMethodAccessorImpl.invoke0(Native Method) ~[na:1.6.0_45]
	at sun.reflect.NativeMethodAccessorImpl.invoke(NativeMethodAccessorImpl.java:39) ~[na:1.6.0_45]
	at sun.reflect.DelegatingMethodAccessorImpl.invoke(DelegatingMethodAccessorImpl.java:25) ~[na:1.6.0_45]
	at java.lang.reflect.Method.invoke(Method.java:597) ~[na:1.6.0_45]
	at org.junit.runners.model.FrameworkMethod$1.runReflectiveCall(FrameworkMethod.java:47) [junit-4.11.jar:na]
	at org.junit.internal.runners.model.ReflectiveCallable.run(ReflectiveCallable.java:12) [junit-4.11.jar:na]
	at org.junit.runners.model.FrameworkMethod.invokeExplosively(FrameworkMethod.java:44) [junit-4.11.jar:na]
	at org.junit.internal.runners.statements.InvokeMethod.evaluate(InvokeMethod.java:17) [junit-4.11.jar:na]
	at org.junit.internal.runners.statements.RunBefores.evaluate(RunBefores.java:26) [junit-4.11.jar:na]
	at org.junit.runners.ParentRunner.runLeaf(ParentRunner.java:271) [junit-4.11.jar:na]
	at org.junit.runners.BlockJUnit4ClassRunner.runChild(BlockJUnit4ClassRunner.java:70) [junit-4.11.jar:na]
	at org.junit.runners.BlockJUnit4ClassRunner.runChild(BlockJUnit4ClassRunner.java:50) [junit-4.11.jar:na]
	at org.junit.runners.ParentRunner$3.run(ParentRunner.java:238) [junit-4.11.jar:na]
	at org.junit.runners.ParentRunner$1.schedule(ParentRunner.java:63) [junit-4.11.jar:na]
	at org.junit.runners.ParentRunner.runChildren(ParentRunner.java:236) [junit-4.11.jar:na]
	at org.junit.runners.ParentRunner.access$000(ParentRunner.java:53) [junit-4.11.jar:na]
	at org.junit.runners.ParentRunner$2.evaluate(ParentRunner.java:229) [junit-4.11.jar:na]
	at org.junit.runners.ParentRunner.run(ParentRunner.java:309) [junit-4.11.jar:na]
	at org.junit.runners.Suite.runChild(Suite.java:127) [junit-4.11.jar:na]
	at org.junit.runners.Suite.runChild(Suite.java:26) [junit-4.11.jar:na]
	at org.junit.runners.ParentRunner$3.run(ParentRunner.java:238) [junit-4.11.jar:na]
	at org.junit.runners.ParentRunner$1.schedule(ParentRunner.java:63) [junit-4.11.jar:na]
	at org.junit.runners.ParentRunner.runChildren(ParentRunner.java:236) [junit-4.11.jar:na]
	at org.junit.runners.ParentRunner.access$000(ParentRunner.java:53) [junit-4.11.jar:na]
	at org.junit.runners.ParentRunner$2.evaluate(ParentRunner.java:229) [junit-4.11.jar:na]
	at org.junit.runners.ParentRunner.run(ParentRunner.java:309) [junit-4.11.jar:na]
	at org.junit.runner.JUnitCore.run(JUnitCore.java:160) [junit-4.11.jar:na]
	at org.junit.runner.JUnitCore.run(JUnitCore.java:138) [junit-4.11.jar:na]
	at org.apache.maven.surefire.junitcore.JUnitCoreWrapper.createReqestAndRun(JUnitCoreWrapper.java:139) [surefire-junit47-2.15.jar:2.15]
	at org.apache.maven.surefire.junitcore.JUnitCoreWrapper.executeEager(JUnitCoreWrapper.java:111) [surefire-junit47-2.15.jar:2.15]
	at org.apache.maven.surefire.junitcore.JUnitCoreWrapper.execute(JUnitCoreWrapper.java:84) [surefire-junit47-2.15.jar:2.15]
	at org.apache.maven.surefire.junitcore.JUnitCoreProvider.invoke(JUnitCoreProvider.java:135) [surefire-junit47-2.15.jar:2.15]
	at org.apache.maven.surefire.booter.ForkedBooter.invokeProviderInSameClassLoader(ForkedBooter.java:200) [surefire-booter-2.15.jar:2.15]
	at org.apache.maven.surefire.booter.ForkedBooter.runSuitesInProcess(ForkedBooter.java:153) [surefire-booter-2.15.jar:2.15]
	at org.apache.maven.surefire.booter.ForkedBooter.main(ForkedBooter.java:103) [surefire-booter-2.15.jar:2.15]
09:57:45.714 ERROR c.g.s.r.s.SimpleCovRcovSensor - Unable to save metrics for file: file3.rb
java.lang.NullPointerException: null
	at org.sonar.api.resources.File.<init>(File.java:54) ~[sonar-plugin-api-3.7.jar:na]
	at org.sonar.api.resources.File.fromIOFile(File.java:135) ~[sonar-plugin-api-3.7.jar:na]
	at com.godaddy.sonar.ruby.simplecovrcov.SimpleCovRcovSensor.calculateMetrics(SimpleCovRcovSensor.java:71) [classes/:na]
	at com.godaddy.sonar.ruby.simplecovrcov.SimpleCovRcovSensor.analyse(SimpleCovRcovSensor.java:51) [classes/:na]
	at com.godaddy.sonar.ruby.simplecovrcov.SimpleCovRcovSensorTest.testAnalyseWithMoreThanOneSrcDir(SimpleCovRcovSensorTest.java:148) [test-classes/:na]
	at sun.reflect.NativeMethodAccessorImpl.invoke0(Native Method) ~[na:1.6.0_45]
	at sun.reflect.NativeMethodAccessorImpl.invoke(NativeMethodAccessorImpl.java:39) ~[na:1.6.0_45]
	at sun.reflect.DelegatingMethodAccessorImpl.invoke(DelegatingMethodAccessorImpl.java:25) ~[na:1.6.0_45]
	at java.lang.reflect.Method.invoke(Method.java:597) ~[na:1.6.0_45]
	at org.junit.runners.model.FrameworkMethod$1.runReflectiveCall(FrameworkMethod.java:47) [junit-4.11.jar:na]
	at org.junit.internal.runners.model.ReflectiveCallable.run(ReflectiveCallable.java:12) [junit-4.11.jar:na]
	at org.junit.runners.model.FrameworkMethod.invokeExplosively(FrameworkMethod.java:44) [junit-4.11.jar:na]
	at org.junit.internal.runners.statements.InvokeMethod.evaluate(InvokeMethod.java:17) [junit-4.11.jar:na]
	at org.junit.internal.runners.statements.RunBefores.evaluate(RunBefores.java:26) [junit-4.11.jar:na]
	at org.junit.runners.ParentRunner.runLeaf(ParentRunner.java:271) [junit-4.11.jar:na]
	at org.junit.runners.BlockJUnit4ClassRunner.runChild(BlockJUnit4ClassRunner.java:70) [junit-4.11.jar:na]
	at org.junit.runners.BlockJUnit4ClassRunner.runChild(BlockJUnit4ClassRunner.java:50) [junit-4.11.jar:na]
	at org.junit.runners.ParentRunner$3.run(ParentRunner.java:238) [junit-4.11.jar:na]
	at org.junit.runners.ParentRunner$1.schedule(ParentRunner.java:63) [junit-4.11.jar:na]
	at org.junit.runners.ParentRunner.runChildren(ParentRunner.java:236) [junit-4.11.jar:na]
	at org.junit.runners.ParentRunner.access$000(ParentRunner.java:53) [junit-4.11.jar:na]
	at org.junit.runners.ParentRunner$2.evaluate(ParentRunner.java:229) [junit-4.11.jar:na]
	at org.junit.runners.ParentRunner.run(ParentRunner.java:309) [junit-4.11.jar:na]
	at org.junit.runners.Suite.runChild(Suite.java:127) [junit-4.11.jar:na]
	at org.junit.runners.Suite.runChild(Suite.java:26) [junit-4.11.jar:na]
	at org.junit.runners.ParentRunner$3.run(ParentRunner.java:238) [junit-4.11.jar:na]
	at org.junit.runners.ParentRunner$1.schedule(ParentRunner.java:63) [junit-4.11.jar:na]
	at org.junit.runners.ParentRunner.runChildren(ParentRunner.java:236) [junit-4.11.jar:na]
	at org.junit.runners.ParentRunner.access$000(ParentRunner.java:53) [junit-4.11.jar:na]
	at org.junit.runners.ParentRunner$2.evaluate(ParentRunner.java:229) [junit-4.11.jar:na]
	at org.junit.runners.ParentRunner.run(ParentRunner.java:309) [junit-4.11.jar:na]
	at org.junit.runner.JUnitCore.run(JUnitCore.java:160) [junit-4.11.jar:na]
	at org.junit.runner.JUnitCore.run(JUnitCore.java:138) [junit-4.11.jar:na]
	at org.apache.maven.surefire.junitcore.JUnitCoreWrapper.createReqestAndRun(JUnitCoreWrapper.java:139) [surefire-junit47-2.15.jar:2.15]
	at org.apache.maven.surefire.junitcore.JUnitCoreWrapper.executeEager(JUnitCoreWrapper.java:111) [surefire-junit47-2.15.jar:2.15]
	at org.apache.maven.surefire.junitcore.JUnitCoreWrapper.execute(JUnitCoreWrapper.java:84) [surefire-junit47-2.15.jar:2.15]
	at org.apache.maven.surefire.junitcore.JUnitCoreProvider.invoke(JUnitCoreProvider.java:135) [surefire-junit47-2.15.jar:2.15]
	at org.apache.maven.surefire.booter.ForkedBooter.invokeProviderInSameClassLoader(ForkedBooter.java:200) [surefire-booter-2.15.jar:2.15]
	at org.apache.maven.surefire.booter.ForkedBooter.runSuitesInProcess(ForkedBooter.java:153) [surefire-booter-2.15.jar:2.15]
	at org.apache.maven.surefire.booter.ForkedBooter.main(ForkedBooter.java:103) [surefire-booter-2.15.jar:2.15]
09:57:45.716 ERROR c.g.s.r.s.SimpleCovRcovSensor - Unable to save metrics for file: file1.rb
java.lang.NullPointerException: null
	at org.sonar.api.resources.File.<init>(File.java:54) ~[sonar-plugin-api-3.7.jar:na]
	at org.sonar.api.resources.File.fromIOFile(File.java:135) ~[sonar-plugin-api-3.7.jar:na]
	at com.godaddy.sonar.ruby.simplecovrcov.SimpleCovRcovSensor.calculateMetrics(SimpleCovRcovSensor.java:71) [classes/:na]
	at com.godaddy.sonar.ruby.simplecovrcov.SimpleCovRcovSensor.analyse(SimpleCovRcovSensor.java:51) [classes/:na]
	at com.godaddy.sonar.ruby.simplecovrcov.SimpleCovRcovSensorTest.testAnalyseWithMoreThanOneSrcDir(SimpleCovRcovSensorTest.java:148) [test-classes/:na]
	at sun.reflect.NativeMethodAccessorImpl.invoke0(Native Method) ~[na:1.6.0_45]
	at sun.reflect.NativeMethodAccessorImpl.invoke(NativeMethodAccessorImpl.java:39) ~[na:1.6.0_45]
	at sun.reflect.DelegatingMethodAccessorImpl.invoke(DelegatingMethodAccessorImpl.java:25) ~[na:1.6.0_45]
	at java.lang.reflect.Method.invoke(Method.java:597) ~[na:1.6.0_45]
	at org.junit.runners.model.FrameworkMethod$1.runReflectiveCall(FrameworkMethod.java:47) [junit-4.11.jar:na]
	at org.junit.internal.runners.model.ReflectiveCallable.run(ReflectiveCallable.java:12) [junit-4.11.jar:na]
	at org.junit.runners.model.FrameworkMethod.invokeExplosively(FrameworkMethod.java:44) [junit-4.11.jar:na]
	at org.junit.internal.runners.statements.InvokeMethod.evaluate(InvokeMethod.java:17) [junit-4.11.jar:na]
	at org.junit.internal.runners.statements.RunBefores.evaluate(RunBefores.java:26) [junit-4.11.jar:na]
	at org.junit.runners.ParentRunner.runLeaf(ParentRunner.java:271) [junit-4.11.jar:na]
	at org.junit.runners.BlockJUnit4ClassRunner.runChild(BlockJUnit4ClassRunner.java:70) [junit-4.11.jar:na]
	at org.junit.runners.BlockJUnit4ClassRunner.runChild(BlockJUnit4ClassRunner.java:50) [junit-4.11.jar:na]
	at org.junit.runners.ParentRunner$3.run(ParentRunner.java:238) [junit-4.11.jar:na]
	at org.junit.runners.ParentRunner$1.schedule(ParentRunner.java:63) [junit-4.11.jar:na]
	at org.junit.runners.ParentRunner.runChildren(ParentRunner.java:236) [junit-4.11.jar:na]
	at org.junit.runners.ParentRunner.access$000(ParentRunner.java:53) [junit-4.11.jar:na]
	at org.junit.runners.ParentRunner$2.evaluate(ParentRunner.java:229) [junit-4.11.jar:na]
	at org.junit.runners.ParentRunner.run(ParentRunner.java:309) [junit-4.11.jar:na]
	at org.junit.runners.Suite.runChild(Suite.java:127) [junit-4.11.jar:na]
	at org.junit.runners.Suite.runChild(Suite.java:26) [junit-4.11.jar:na]
	at org.junit.runners.ParentRunner$3.run(ParentRunner.java:238) [junit-4.11.jar:na]
	at org.junit.runners.ParentRunner$1.schedule(ParentRunner.java:63) [junit-4.11.jar:na]
	at org.junit.runners.ParentRunner.runChildren(ParentRunner.java:236) [junit-4.11.jar:na]
	at org.junit.runners.ParentRunner.access$000(ParentRunner.java:53) [junit-4.11.jar:na]
	at org.junit.runners.ParentRunner$2.evaluate(ParentRunner.java:229) [junit-4.11.jar:na]
	at org.junit.runners.ParentRunner.run(ParentRunner.java:309) [junit-4.11.jar:na]
	at org.junit.runner.JUnitCore.run(JUnitCore.java:160) [junit-4.11.jar:na]
	at org.junit.runner.JUnitCore.run(JUnitCore.java:138) [junit-4.11.jar:na]
	at org.apache.maven.surefire.junitcore.JUnitCoreWrapper.createReqestAndRun(JUnitCoreWrapper.java:139) [surefire-junit47-2.15.jar:2.15]
	at org.apache.maven.surefire.junitcore.JUnitCoreWrapper.executeEager(JUnitCoreWrapper.java:111) [surefire-junit47-2.15.jar:2.15]
	at org.apache.maven.surefire.junitcore.JUnitCoreWrapper.execute(JUnitCoreWrapper.java:84) [surefire-junit47-2.15.jar:2.15]
	at org.apache.maven.surefire.junitcore.JUnitCoreProvider.invoke(JUnitCoreProvider.java:135) [surefire-junit47-2.15.jar:2.15]
	at org.apache.maven.surefire.booter.ForkedBooter.invokeProviderInSameClassLoader(ForkedBooter.java:200) [surefire-booter-2.15.jar:2.15]
	at org.apache.maven.surefire.booter.ForkedBooter.runSuitesInProcess(ForkedBooter.java:153) [surefire-booter-2.15.jar:2.15]
	at org.apache.maven.surefire.booter.ForkedBooter.main(ForkedBooter.java:103) [surefire-booter-2.15.jar:2.15]
09:57:45.717 ERROR c.g.s.r.s.SimpleCovRcovSensor - Unable to save metrics for file: file1.rb
java.lang.NullPointerException: null
	at org.sonar.api.resources.File.<init>(File.java:54) ~[sonar-plugin-api-3.7.jar:na]
	at org.sonar.api.resources.File.fromIOFile(File.java:135) ~[sonar-plugin-api-3.7.jar:na]
	at com.godaddy.sonar.ruby.simplecovrcov.SimpleCovRcovSensor.calculateMetrics(SimpleCovRcovSensor.java:71) [classes/:na]
	at com.godaddy.sonar.ruby.simplecovrcov.SimpleCovRcovSensor.analyse(SimpleCovRcovSensor.java:51) [classes/:na]
	at com.godaddy.sonar.ruby.simplecovrcov.SimpleCovRcovSensorTest.testAnalyseWithMoreThanOneSrcDir(SimpleCovRcovSensorTest.java:148) [test-classes/:na]
	at sun.reflect.NativeMethodAccessorImpl.invoke0(Native Method) ~[na:1.6.0_45]
	at sun.reflect.NativeMethodAccessorImpl.invoke(NativeMethodAccessorImpl.java:39) ~[na:1.6.0_45]
	at sun.reflect.DelegatingMethodAccessorImpl.invoke(DelegatingMethodAccessorImpl.java:25) ~[na:1.6.0_45]
	at java.lang.reflect.Method.invoke(Method.java:597) ~[na:1.6.0_45]
	at org.junit.runners.model.FrameworkMethod$1.runReflectiveCall(FrameworkMethod.java:47) [junit-4.11.jar:na]
	at org.junit.internal.runners.model.ReflectiveCallable.run(ReflectiveCallable.java:12) [junit-4.11.jar:na]
	at org.junit.runners.model.FrameworkMethod.invokeExplosively(FrameworkMethod.java:44) [junit-4.11.jar:na]
	at org.junit.internal.runners.statements.InvokeMethod.evaluate(InvokeMethod.java:17) [junit-4.11.jar:na]
	at org.junit.internal.runners.statements.RunBefores.evaluate(RunBefores.java:26) [junit-4.11.jar:na]
	at org.junit.runners.ParentRunner.runLeaf(ParentRunner.java:271) [junit-4.11.jar:na]
	at org.junit.runners.BlockJUnit4ClassRunner.runChild(BlockJUnit4ClassRunner.java:70) [junit-4.11.jar:na]
	at org.junit.runners.BlockJUnit4ClassRunner.runChild(BlockJUnit4ClassRunner.java:50) [junit-4.11.jar:na]
	at org.junit.runners.ParentRunner$3.run(ParentRunner.java:238) [junit-4.11.jar:na]
	at org.junit.runners.ParentRunner$1.schedule(ParentRunner.java:63) [junit-4.11.jar:na]
	at org.junit.runners.ParentRunner.runChildren(ParentRunner.java:236) [junit-4.11.jar:na]
	at org.junit.runners.ParentRunner.access$000(ParentRunner.java:53) [junit-4.11.jar:na]
	at org.junit.runners.ParentRunner$2.evaluate(ParentRunner.java:229) [junit-4.11.jar:na]
	at org.junit.runners.ParentRunner.run(ParentRunner.java:309) [junit-4.11.jar:na]
	at org.junit.runners.Suite.runChild(Suite.java:127) [junit-4.11.jar:na]
	at org.junit.runners.Suite.runChild(Suite.java:26) [junit-4.11.jar:na]
	at org.junit.runners.ParentRunner$3.run(ParentRunner.java:238) [junit-4.11.jar:na]
	at org.junit.runners.ParentRunner$1.schedule(ParentRunner.java:63) [junit-4.11.jar:na]
	at org.junit.runners.ParentRunner.runChildren(ParentRunner.java:236) [junit-4.11.jar:na]
	at org.junit.runners.ParentRunner.access$000(ParentRunner.java:53) [junit-4.11.jar:na]
	at org.junit.runners.ParentRunner$2.evaluate(ParentRunner.java:229) [junit-4.11.jar:na]
	at org.junit.runners.ParentRunner.run(ParentRunner.java:309) [junit-4.11.jar:na]
	at org.junit.runner.JUnitCore.run(JUnitCore.java:160) [junit-4.11.jar:na]
	at org.junit.runner.JUnitCore.run(JUnitCore.java:138) [junit-4.11.jar:na]
	at org.apache.maven.surefire.junitcore.JUnitCoreWrapper.createReqestAndRun(JUnitCoreWrapper.java:139) [surefire-junit47-2.15.jar:2.15]
	at org.apache.maven.surefire.junitcore.JUnitCoreWrapper.executeEager(JUnitCoreWrapper.java:111) [surefire-junit47-2.15.jar:2.15]
	at org.apache.maven.surefire.junitcore.JUnitCoreWrapper.execute(JUnitCoreWrapper.java:84) [surefire-junit47-2.15.jar:2.15]
	at org.apache.maven.surefire.junitcore.JUnitCoreProvider.invoke(JUnitCoreProvider.java:135) [surefire-junit47-2.15.jar:2.15]
	at org.apache.maven.surefire.booter.ForkedBooter.invokeProviderInSameClassLoader(ForkedBooter.java:200) [surefire-booter-2.15.jar:2.15]
	at org.apache.maven.surefire.booter.ForkedBooter.runSuitesInProcess(ForkedBooter.java:153) [surefire-booter-2.15.jar:2.15]
	at org.apache.maven.surefire.booter.ForkedBooter.main(ForkedBooter.java:103) [surefire-booter-2.15.jar:2.15]
09:57:45.718 ERROR c.g.s.r.s.SimpleCovRcovSensor - Unable to save metrics for file: file.rb
java.lang.NullPointerException: null
	at org.sonar.api.resources.File.<init>(File.java:54) ~[sonar-plugin-api-3.7.jar:na]
	at org.sonar.api.resources.File.fromIOFile(File.java:135) ~[sonar-plugin-api-3.7.jar:na]
	at com.godaddy.sonar.ruby.simplecovrcov.SimpleCovRcovSensor.calculateMetrics(SimpleCovRcovSensor.java:71) [classes/:na]
	at com.godaddy.sonar.ruby.simplecovrcov.SimpleCovRcovSensor.analyse(SimpleCovRcovSensor.java:51) [classes/:na]
	at com.godaddy.sonar.ruby.simplecovrcov.SimpleCovRcovSensorTest.testAnalyseWithMoreThanOneSrcDir(SimpleCovRcovSensorTest.java:148) [test-classes/:na]
	at sun.reflect.NativeMethodAccessorImpl.invoke0(Native Method) ~[na:1.6.0_45]
	at sun.reflect.NativeMethodAccessorImpl.invoke(NativeMethodAccessorImpl.java:39) ~[na:1.6.0_45]
	at sun.reflect.DelegatingMethodAccessorImpl.invoke(DelegatingMethodAccessorImpl.java:25) ~[na:1.6.0_45]
	at java.lang.reflect.Method.invoke(Method.java:597) ~[na:1.6.0_45]
	at org.junit.runners.model.FrameworkMethod$1.runReflectiveCall(FrameworkMethod.java:47) [junit-4.11.jar:na]
	at org.junit.internal.runners.model.ReflectiveCallable.run(ReflectiveCallable.java:12) [junit-4.11.jar:na]
	at org.junit.runners.model.FrameworkMethod.invokeExplosively(FrameworkMethod.java:44) [junit-4.11.jar:na]
	at org.junit.internal.runners.statements.InvokeMethod.evaluate(InvokeMethod.java:17) [junit-4.11.jar:na]
	at org.junit.internal.runners.statements.RunBefores.evaluate(RunBefores.java:26) [junit-4.11.jar:na]
	at org.junit.runners.ParentRunner.runLeaf(ParentRunner.java:271) [junit-4.11.jar:na]
	at org.junit.runners.BlockJUnit4ClassRunner.runChild(BlockJUnit4ClassRunner.java:70) [junit-4.11.jar:na]
	at org.junit.runners.BlockJUnit4ClassRunner.runChild(BlockJUnit4ClassRunner.java:50) [junit-4.11.jar:na]
	at org.junit.runners.ParentRunner$3.run(ParentRunner.java:238) [junit-4.11.jar:na]
	at org.junit.runners.ParentRunner$1.schedule(ParentRunner.java:63) [junit-4.11.jar:na]
	at org.junit.runners.ParentRunner.runChildren(ParentRunner.java:236) [junit-4.11.jar:na]
	at org.junit.runners.ParentRunner.access$000(ParentRunner.java:53) [junit-4.11.jar:na]
	at org.junit.runners.ParentRunner$2.evaluate(ParentRunner.java:229) [junit-4.11.jar:na]
	at org.junit.runners.ParentRunner.run(ParentRunner.java:309) [junit-4.11.jar:na]
	at org.junit.runners.Suite.runChild(Suite.java:127) [junit-4.11.jar:na]
	at org.junit.runners.Suite.runChild(Suite.java:26) [junit-4.11.jar:na]
	at org.junit.runners.ParentRunner$3.run(ParentRunner.java:238) [junit-4.11.jar:na]
	at org.junit.runners.ParentRunner$1.schedule(ParentRunner.java:63) [junit-4.11.jar:na]
	at org.junit.runners.ParentRunner.runChildren(ParentRunner.java:236) [junit-4.11.jar:na]
	at org.junit.runners.ParentRunner.access$000(ParentRunner.java:53) [junit-4.11.jar:na]
	at org.junit.runners.ParentRunner$2.evaluate(ParentRunner.java:229) [junit-4.11.jar:na]
	at org.junit.runners.ParentRunner.run(ParentRunner.java:309) [junit-4.11.jar:na]
	at org.junit.runner.JUnitCore.run(JUnitCore.java:160) [junit-4.11.jar:na]
	at org.junit.runner.JUnitCore.run(JUnitCore.java:138) [junit-4.11.jar:na]
	at org.apache.maven.surefire.junitcore.JUnitCoreWrapper.createReqestAndRun(JUnitCoreWrapper.java:139) [surefire-junit47-2.15.jar:2.15]
	at org.apache.maven.surefire.junitcore.JUnitCoreWrapper.executeEager(JUnitCoreWrapper.java:111) [surefire-junit47-2.15.jar:2.15]
	at org.apache.maven.surefire.junitcore.JUnitCoreWrapper.execute(JUnitCoreWrapper.java:84) [surefire-junit47-2.15.jar:2.15]
	at org.apache.maven.surefire.junitcore.JUnitCoreProvider.invoke(JUnitCoreProvider.java:135) [surefire-junit47-2.15.jar:2.15]
	at org.apache.maven.surefire.booter.ForkedBooter.invokeProviderInSameClassLoader(ForkedBooter.java:200) [surefire-booter-2.15.jar:2.15]
	at org.apache.maven.surefire.booter.ForkedBooter.runSuitesInProcess(ForkedBooter.java:153) [surefire-booter-2.15.jar:2.15]
	at org.apache.maven.surefire.booter.ForkedBooter.main(ForkedBooter.java:103) [surefire-booter-2.15.jar:2.15]
09:57:45.719 ERROR c.g.s.r.s.SimpleCovRcovSensor - Unable to save metrics for file: file.rb
java.lang.NullPointerException: null
	at org.sonar.api.resources.File.<init>(File.java:54) ~[sonar-plugin-api-3.7.jar:na]
	at org.sonar.api.resources.File.fromIOFile(File.java:135) ~[sonar-plugin-api-3.7.jar:na]
	at com.godaddy.sonar.ruby.simplecovrcov.SimpleCovRcovSensor.calculateMetrics(SimpleCovRcovSensor.java:71) [classes/:na]
	at com.godaddy.sonar.ruby.simplecovrcov.SimpleCovRcovSensor.analyse(SimpleCovRcovSensor.java:51) [classes/:na]
	at com.godaddy.sonar.ruby.simplecovrcov.SimpleCovRcovSensorTest.testAnalyseWithMoreThanOneSrcDir(SimpleCovRcovSensorTest.java:148) [test-classes/:na]
	at sun.reflect.NativeMethodAccessorImpl.invoke0(Native Method) ~[na:1.6.0_45]
	at sun.reflect.NativeMethodAccessorImpl.invoke(NativeMethodAccessorImpl.java:39) ~[na:1.6.0_45]
	at sun.reflect.DelegatingMethodAccessorImpl.invoke(DelegatingMethodAccessorImpl.java:25) ~[na:1.6.0_45]
	at java.lang.reflect.Method.invoke(Method.java:597) ~[na:1.6.0_45]
	at org.junit.runners.model.FrameworkMethod$1.runReflectiveCall(FrameworkMethod.java:47) [junit-4.11.jar:na]
	at org.junit.internal.runners.model.ReflectiveCallable.run(ReflectiveCallable.java:12) [junit-4.11.jar:na]
	at org.junit.runners.model.FrameworkMethod.invokeExplosively(FrameworkMethod.java:44) [junit-4.11.jar:na]
	at org.junit.internal.runners.statements.InvokeMethod.evaluate(InvokeMethod.java:17) [junit-4.11.jar:na]
	at org.junit.internal.runners.statements.RunBefores.evaluate(RunBefores.java:26) [junit-4.11.jar:na]
	at org.junit.runners.ParentRunner.runLeaf(ParentRunner.java:271) [junit-4.11.jar:na]
	at org.junit.runners.BlockJUnit4ClassRunner.runChild(BlockJUnit4ClassRunner.java:70) [junit-4.11.jar:na]
	at org.junit.runners.BlockJUnit4ClassRunner.runChild(BlockJUnit4ClassRunner.java:50) [junit-4.11.jar:na]
	at org.junit.runners.ParentRunner$3.run(ParentRunner.java:238) [junit-4.11.jar:na]
	at org.junit.runners.ParentRunner$1.schedule(ParentRunner.java:63) [junit-4.11.jar:na]
	at org.junit.runners.ParentRunner.runChildren(ParentRunner.java:236) [junit-4.11.jar:na]
	at org.junit.runners.ParentRunner.access$000(ParentRunner.java:53) [junit-4.11.jar:na]
	at org.junit.runners.ParentRunner$2.evaluate(ParentRunner.java:229) [junit-4.11.jar:na]
	at org.junit.runners.ParentRunner.run(ParentRunner.java:309) [junit-4.11.jar:na]
	at org.junit.runners.Suite.runChild(Suite.java:127) [junit-4.11.jar:na]
	at org.junit.runners.Suite.runChild(Suite.java:26) [junit-4.11.jar:na]
	at org.junit.runners.ParentRunner$3.run(ParentRunner.java:238) [junit-4.11.jar:na]
	at org.junit.runners.ParentRunner$1.schedule(ParentRunner.java:63) [junit-4.11.jar:na]
	at org.junit.runners.ParentRunner.runChildren(ParentRunner.java:236) [junit-4.11.jar:na]
	at org.junit.runners.ParentRunner.access$000(ParentRunner.java:53) [junit-4.11.jar:na]
	at org.junit.runners.ParentRunner$2.evaluate(ParentRunner.java:229) [junit-4.11.jar:na]
	at org.junit.runners.ParentRunner.run(ParentRunner.java:309) [junit-4.11.jar:na]
	at org.junit.runner.JUnitCore.run(JUnitCore.java:160) [junit-4.11.jar:na]
	at org.junit.runner.JUnitCore.run(JUnitCore.java:138) [junit-4.11.jar:na]
	at org.apache.maven.surefire.junitcore.JUnitCoreWrapper.createReqestAndRun(JUnitCoreWrapper.java:139) [surefire-junit47-2.15.jar:2.15]
	at org.apache.maven.surefire.junitcore.JUnitCoreWrapper.executeEager(JUnitCoreWrapper.java:111) [surefire-junit47-2.15.jar:2.15]
	at org.apache.maven.surefire.junitcore.JUnitCoreWrapper.execute(JUnitCoreWrapper.java:84) [surefire-junit47-2.15.jar:2.15]
	at org.apache.maven.surefire.junitcore.JUnitCoreProvider.invoke(JUnitCoreProvider.java:135) [surefire-junit47-2.15.jar:2.15]
	at org.apache.maven.surefire.booter.ForkedBooter.invokeProviderInSameClassLoader(ForkedBooter.java:200) [surefire-booter-2.15.jar:2.15]
	at org.apache.maven.surefire.booter.ForkedBooter.runSuitesInProcess(ForkedBooter.java:153) [surefire-booter-2.15.jar:2.15]
	at org.apache.maven.surefire.booter.ForkedBooter.main(ForkedBooter.java:103) [surefire-booter-2.15.jar:2.15]
09:57:45.721 ERROR c.g.s.r.s.SimpleCovRcovSensor - Unable to save metrics for file: file2.rb
java.lang.NullPointerException: null
	at org.sonar.api.resources.File.<init>(File.java:54) ~[sonar-plugin-api-3.7.jar:na]
	at org.sonar.api.resources.File.fromIOFile(File.java:135) ~[sonar-plugin-api-3.7.jar:na]
	at com.godaddy.sonar.ruby.simplecovrcov.SimpleCovRcovSensor.calculateMetrics(SimpleCovRcovSensor.java:71) [classes/:na]
	at com.godaddy.sonar.ruby.simplecovrcov.SimpleCovRcovSensor.analyse(SimpleCovRcovSensor.java:51) [classes/:na]
	at com.godaddy.sonar.ruby.simplecovrcov.SimpleCovRcovSensorTest.testAnalyseWithMoreThanOneSrcDir(SimpleCovRcovSensorTest.java:148) [test-classes/:na]
	at sun.reflect.NativeMethodAccessorImpl.invoke0(Native Method) ~[na:1.6.0_45]
	at sun.reflect.NativeMethodAccessorImpl.invoke(NativeMethodAccessorImpl.java:39) ~[na:1.6.0_45]
	at sun.reflect.DelegatingMethodAccessorImpl.invoke(DelegatingMethodAccessorImpl.java:25) ~[na:1.6.0_45]
	at java.lang.reflect.Method.invoke(Method.java:597) ~[na:1.6.0_45]
	at org.junit.runners.model.FrameworkMethod$1.runReflectiveCall(FrameworkMethod.java:47) [junit-4.11.jar:na]
	at org.junit.internal.runners.model.ReflectiveCallable.run(ReflectiveCallable.java:12) [junit-4.11.jar:na]
	at org.junit.runners.model.FrameworkMethod.invokeExplosively(FrameworkMethod.java:44) [junit-4.11.jar:na]
	at org.junit.internal.runners.statements.InvokeMethod.evaluate(InvokeMethod.java:17) [junit-4.11.jar:na]
	at org.junit.internal.runners.statements.RunBefores.evaluate(RunBefores.java:26) [junit-4.11.jar:na]
	at org.junit.runners.ParentRunner.runLeaf(ParentRunner.java:271) [junit-4.11.jar:na]
	at org.junit.runners.BlockJUnit4ClassRunner.runChild(BlockJUnit4ClassRunner.java:70) [junit-4.11.jar:na]
	at org.junit.runners.BlockJUnit4ClassRunner.runChild(BlockJUnit4ClassRunner.java:50) [junit-4.11.jar:na]
	at org.junit.runners.ParentRunner$3.run(ParentRunner.java:238) [junit-4.11.jar:na]
	at org.junit.runners.ParentRunner$1.schedule(ParentRunner.java:63) [junit-4.11.jar:na]
	at org.junit.runners.ParentRunner.runChildren(ParentRunner.java:236) [junit-4.11.jar:na]
	at org.junit.runners.ParentRunner.access$000(ParentRunner.java:53) [junit-4.11.jar:na]
	at org.junit.runners.ParentRunner$2.evaluate(ParentRunner.java:229) [junit-4.11.jar:na]
	at org.junit.runners.ParentRunner.run(ParentRunner.java:309) [junit-4.11.jar:na]
	at org.junit.runners.Suite.runChild(Suite.java:127) [junit-4.11.jar:na]
	at org.junit.runners.Suite.runChild(Suite.java:26) [junit-4.11.jar:na]
	at org.junit.runners.ParentRunner$3.run(ParentRunner.java:238) [junit-4.11.jar:na]
	at org.junit.runners.ParentRunner$1.schedule(ParentRunner.java:63) [junit-4.11.jar:na]
	at org.junit.runners.ParentRunner.runChildren(ParentRunner.java:236) [junit-4.11.jar:na]
	at org.junit.runners.ParentRunner.access$000(ParentRunner.java:53) [junit-4.11.jar:na]
	at org.junit.runners.ParentRunner$2.evaluate(ParentRunner.java:229) [junit-4.11.jar:na]
	at org.junit.runners.ParentRunner.run(ParentRunner.java:309) [junit-4.11.jar:na]
	at org.junit.runner.JUnitCore.run(JUnitCore.java:160) [junit-4.11.jar:na]
	at org.junit.runner.JUnitCore.run(JUnitCore.java:138) [junit-4.11.jar:na]
	at org.apache.maven.surefire.junitcore.JUnitCoreWrapper.createReqestAndRun(JUnitCoreWrapper.java:139) [surefire-junit47-2.15.jar:2.15]
	at org.apache.maven.surefire.junitcore.JUnitCoreWrapper.executeEager(JUnitCoreWrapper.java:111) [surefire-junit47-2.15.jar:2.15]
	at org.apache.maven.surefire.junitcore.JUnitCoreWrapper.execute(JUnitCoreWrapper.java:84) [surefire-junit47-2.15.jar:2.15]
	at org.apache.maven.surefire.junitcore.JUnitCoreProvider.invoke(JUnitCoreProvider.java:135) [surefire-junit47-2.15.jar:2.15]
	at org.apache.maven.surefire.booter.ForkedBooter.invokeProviderInSameClassLoader(ForkedBooter.java:200) [surefire-booter-2.15.jar:2.15]
	at org.apache.maven.surefire.booter.ForkedBooter.runSuitesInProcess(ForkedBooter.java:153) [surefire-booter-2.15.jar:2.15]
	at org.apache.maven.surefire.booter.ForkedBooter.main(ForkedBooter.java:103) [surefire-booter-2.15.jar:2.15]
09:57:45.724 ERROR c.g.s.r.s.SimpleCovRcovSensor - Unable to save metrics for file: file.rb
java.lang.NullPointerException: null
	at org.sonar.api.resources.File.<init>(File.java:54) ~[sonar-plugin-api-3.7.jar:na]
	at org.sonar.api.resources.File.fromIOFile(File.java:135) ~[sonar-plugin-api-3.7.jar:na]
	at com.godaddy.sonar.ruby.simplecovrcov.SimpleCovRcovSensor.calculateMetrics(SimpleCovRcovSensor.java:71) [classes/:na]
	at com.godaddy.sonar.ruby.simplecovrcov.SimpleCovRcovSensor.analyse(SimpleCovRcovSensor.java:51) [classes/:na]
	at com.godaddy.sonar.ruby.simplecovrcov.SimpleCovRcovSensorTest.testAnalyseWithMoreThanOneSrcDir(SimpleCovRcovSensorTest.java:148) [test-classes/:na]
	at sun.reflect.NativeMethodAccessorImpl.invoke0(Native Method) ~[na:1.6.0_45]
	at sun.reflect.NativeMethodAccessorImpl.invoke(NativeMethodAccessorImpl.java:39) ~[na:1.6.0_45]
	at sun.reflect.DelegatingMethodAccessorImpl.invoke(DelegatingMethodAccessorImpl.java:25) ~[na:1.6.0_45]
	at java.lang.reflect.Method.invoke(Method.java:597) ~[na:1.6.0_45]
	at org.junit.runners.model.FrameworkMethod$1.runReflectiveCall(FrameworkMethod.java:47) [junit-4.11.jar:na]
	at org.junit.internal.runners.model.ReflectiveCallable.run(ReflectiveCallable.java:12) [junit-4.11.jar:na]
	at org.junit.runners.model.FrameworkMethod.invokeExplosively(FrameworkMethod.java:44) [junit-4.11.jar:na]
	at org.junit.internal.runners.statements.InvokeMethod.evaluate(InvokeMethod.java:17) [junit-4.11.jar:na]
	at org.junit.internal.runners.statements.RunBefores.evaluate(RunBefores.java:26) [junit-4.11.jar:na]
	at org.junit.runners.ParentRunner.runLeaf(ParentRunner.java:271) [junit-4.11.jar:na]
	at org.junit.runners.BlockJUnit4ClassRunner.runChild(BlockJUnit4ClassRunner.java:70) [junit-4.11.jar:na]
	at org.junit.runners.BlockJUnit4ClassRunner.runChild(BlockJUnit4ClassRunner.java:50) [junit-4.11.jar:na]
	at org.junit.runners.ParentRunner$3.run(ParentRunner.java:238) [junit-4.11.jar:na]
	at org.junit.runners.ParentRunner$1.schedule(ParentRunner.java:63) [junit-4.11.jar:na]
	at org.junit.runners.ParentRunner.runChildren(ParentRunner.java:236) [junit-4.11.jar:na]
	at org.junit.runners.ParentRunner.access$000(ParentRunner.java:53) [junit-4.11.jar:na]
	at org.junit.runners.ParentRunner$2.evaluate(ParentRunner.java:229) [junit-4.11.jar:na]
	at org.junit.runners.ParentRunner.run(ParentRunner.java:309) [junit-4.11.jar:na]
	at org.junit.runners.Suite.runChild(Suite.java:127) [junit-4.11.jar:na]
	at org.junit.runners.Suite.runChild(Suite.java:26) [junit-4.11.jar:na]
	at org.junit.runners.ParentRunner$3.run(ParentRunner.java:238) [junit-4.11.jar:na]
	at org.junit.runners.ParentRunner$1.schedule(ParentRunner.java:63) [junit-4.11.jar:na]
	at org.junit.runners.ParentRunner.runChildren(ParentRunner.java:236) [junit-4.11.jar:na]
	at org.junit.runners.ParentRunner.access$000(ParentRunner.java:53) [junit-4.11.jar:na]
	at org.junit.runners.ParentRunner$2.evaluate(ParentRunner.java:229) [junit-4.11.jar:na]
	at org.junit.runners.ParentRunner.run(ParentRunner.java:309) [junit-4.11.jar:na]
	at org.junit.runner.JUnitCore.run(JUnitCore.java:160) [junit-4.11.jar:na]
	at org.junit.runner.JUnitCore.run(JUnitCore.java:138) [junit-4.11.jar:na]
	at org.apache.maven.surefire.junitcore.JUnitCoreWrapper.createReqestAndRun(JUnitCoreWrapper.java:139) [surefire-junit47-2.15.jar:2.15]
	at org.apache.maven.surefire.junitcore.JUnitCoreWrapper.executeEager(JUnitCoreWrapper.java:111) [surefire-junit47-2.15.jar:2.15]
	at org.apache.maven.surefire.junitcore.JUnitCoreWrapper.execute(JUnitCoreWrapper.java:84) [surefire-junit47-2.15.jar:2.15]
	at org.apache.maven.surefire.junitcore.JUnitCoreProvider.invoke(JUnitCoreProvider.java:135) [surefire-junit47-2.15.jar:2.15]
	at org.apache.maven.surefire.booter.ForkedBooter.invokeProviderInSameClassLoader(ForkedBooter.java:200) [surefire-booter-2.15.jar:2.15]
	at org.apache.maven.surefire.booter.ForkedBooter.runSuitesInProcess(ForkedBooter.java:153) [surefire-booter-2.15.jar:2.15]
	at org.apache.maven.surefire.booter.ForkedBooter.main(ForkedBooter.java:103) [surefire-booter-2.15.jar:2.15]
09:57:45.729 ERROR c.g.s.r.s.SimpleCovRcovSensor - Unable to save metrics for file: srcFile1.rb
java.lang.NullPointerException: null
	at org.sonar.api.resources.File.<init>(File.java:54) ~[sonar-plugin-api-3.7.jar:na]
	at org.sonar.api.resources.File.fromIOFile(File.java:135) ~[sonar-plugin-api-3.7.jar:na]
	at com.godaddy.sonar.ruby.simplecovrcov.SimpleCovRcovSensor.calculateMetrics(SimpleCovRcovSensor.java:71) [classes/:na]
	at com.godaddy.sonar.ruby.simplecovrcov.SimpleCovRcovSensor.analyse(SimpleCovRcovSensor.java:51) [classes/:na]
	at com.godaddy.sonar.ruby.simplecovrcov.SimpleCovRcovSensorTest.testAnalyseWithOneSrcDir(SimpleCovRcovSensorTest.java:123) [test-classes/:na]
	at sun.reflect.NativeMethodAccessorImpl.invoke0(Native Method) ~[na:1.6.0_45]
	at sun.reflect.NativeMethodAccessorImpl.invoke(NativeMethodAccessorImpl.java:39) ~[na:1.6.0_45]
	at sun.reflect.DelegatingMethodAccessorImpl.invoke(DelegatingMethodAccessorImpl.java:25) ~[na:1.6.0_45]
	at java.lang.reflect.Method.invoke(Method.java:597) ~[na:1.6.0_45]
	at org.junit.runners.model.FrameworkMethod$1.runReflectiveCall(FrameworkMethod.java:47) [junit-4.11.jar:na]
	at org.junit.internal.runners.model.ReflectiveCallable.run(ReflectiveCallable.java:12) [junit-4.11.jar:na]
	at org.junit.runners.model.FrameworkMethod.invokeExplosively(FrameworkMethod.java:44) [junit-4.11.jar:na]
	at org.junit.internal.runners.statements.InvokeMethod.evaluate(InvokeMethod.java:17) [junit-4.11.jar:na]
	at org.junit.internal.runners.statements.RunBefores.evaluate(RunBefores.java:26) [junit-4.11.jar:na]
	at org.junit.runners.ParentRunner.runLeaf(ParentRunner.java:271) [junit-4.11.jar:na]
	at org.junit.runners.BlockJUnit4ClassRunner.runChild(BlockJUnit4ClassRunner.java:70) [junit-4.11.jar:na]
	at org.junit.runners.BlockJUnit4ClassRunner.runChild(BlockJUnit4ClassRunner.java:50) [junit-4.11.jar:na]
	at org.junit.runners.ParentRunner$3.run(ParentRunner.java:238) [junit-4.11.jar:na]
	at org.junit.runners.ParentRunner$1.schedule(ParentRunner.java:63) [junit-4.11.jar:na]
	at org.junit.runners.ParentRunner.runChildren(ParentRunner.java:236) [junit-4.11.jar:na]
	at org.junit.runners.ParentRunner.access$000(ParentRunner.java:53) [junit-4.11.jar:na]
	at org.junit.runners.ParentRunner$2.evaluate(ParentRunner.java:229) [junit-4.11.jar:na]
	at org.junit.runners.ParentRunner.run(ParentRunner.java:309) [junit-4.11.jar:na]
	at org.junit.runners.Suite.runChild(Suite.java:127) [junit-4.11.jar:na]
	at org.junit.runners.Suite.runChild(Suite.java:26) [junit-4.11.jar:na]
	at org.junit.runners.ParentRunner$3.run(ParentRunner.java:238) [junit-4.11.jar:na]
	at org.junit.runners.ParentRunner$1.schedule(ParentRunner.java:63) [junit-4.11.jar:na]
	at org.junit.runners.ParentRunner.runChildren(ParentRunner.java:236) [junit-4.11.jar:na]
	at org.junit.runners.ParentRunner.access$000(ParentRunner.java:53) [junit-4.11.jar:na]
	at org.junit.runners.ParentRunner$2.evaluate(ParentRunner.java:229) [junit-4.11.jar:na]
	at org.junit.runners.ParentRunner.run(ParentRunner.java:309) [junit-4.11.jar:na]
	at org.junit.runner.JUnitCore.run(JUnitCore.java:160) [junit-4.11.jar:na]
	at org.junit.runner.JUnitCore.run(JUnitCore.java:138) [junit-4.11.jar:na]
	at org.apache.maven.surefire.junitcore.JUnitCoreWrapper.createReqestAndRun(JUnitCoreWrapper.java:139) [surefire-junit47-2.15.jar:2.15]
	at org.apache.maven.surefire.junitcore.JUnitCoreWrapper.executeEager(JUnitCoreWrapper.java:111) [surefire-junit47-2.15.jar:2.15]
	at org.apache.maven.surefire.junitcore.JUnitCoreWrapper.execute(JUnitCoreWrapper.java:84) [surefire-junit47-2.15.jar:2.15]
	at org.apache.maven.surefire.junitcore.JUnitCoreProvider.invoke(JUnitCoreProvider.java:135) [surefire-junit47-2.15.jar:2.15]
	at org.apache.maven.surefire.booter.ForkedBooter.invokeProviderInSameClassLoader(ForkedBooter.java:200) [surefire-booter-2.15.jar:2.15]
	at org.apache.maven.surefire.booter.ForkedBooter.runSuitesInProcess(ForkedBooter.java:153) [surefire-booter-2.15.jar:2.15]
	at org.apache.maven.surefire.booter.ForkedBooter.main(ForkedBooter.java:103) [surefire-booter-2.15.jar:2.15]
09:57:45.731 ERROR c.g.s.r.s.SimpleCovRcovSensor - Unable to save metrics for file: srcFile2.rb
java.lang.NullPointerException: null
	at org.sonar.api.resources.File.<init>(File.java:54) ~[sonar-plugin-api-3.7.jar:na]
	at org.sonar.api.resources.File.fromIOFile(File.java:135) ~[sonar-plugin-api-3.7.jar:na]
	at com.godaddy.sonar.ruby.simplecovrcov.SimpleCovRcovSensor.calculateMetrics(SimpleCovRcovSensor.java:71) [classes/:na]
	at com.godaddy.sonar.ruby.simplecovrcov.SimpleCovRcovSensor.analyse(SimpleCovRcovSensor.java:51) [classes/:na]
	at com.godaddy.sonar.ruby.simplecovrcov.SimpleCovRcovSensorTest.testAnalyseWithOneSrcDir(SimpleCovRcovSensorTest.java:123) [test-classes/:na]
	at sun.reflect.NativeMethodAccessorImpl.invoke0(Native Method) ~[na:1.6.0_45]
	at sun.reflect.NativeMethodAccessorImpl.invoke(NativeMethodAccessorImpl.java:39) ~[na:1.6.0_45]
	at sun.reflect.DelegatingMethodAccessorImpl.invoke(DelegatingMethodAccessorImpl.java:25) ~[na:1.6.0_45]
	at java.lang.reflect.Method.invoke(Method.java:597) ~[na:1.6.0_45]
	at org.junit.runners.model.FrameworkMethod$1.runReflectiveCall(FrameworkMethod.java:47) [junit-4.11.jar:na]
	at org.junit.internal.runners.model.ReflectiveCallable.run(ReflectiveCallable.java:12) [junit-4.11.jar:na]
	at org.junit.runners.model.FrameworkMethod.invokeExplosively(FrameworkMethod.java:44) [junit-4.11.jar:na]
	at org.junit.internal.runners.statements.InvokeMethod.evaluate(InvokeMethod.java:17) [junit-4.11.jar:na]
	at org.junit.internal.runners.statements.RunBefores.evaluate(RunBefores.java:26) [junit-4.11.jar:na]
	at org.junit.runners.ParentRunner.runLeaf(ParentRunner.java:271) [junit-4.11.jar:na]
	at org.junit.runners.BlockJUnit4ClassRunner.runChild(BlockJUnit4ClassRunner.java:70) [junit-4.11.jar:na]
	at org.junit.runners.BlockJUnit4ClassRunner.runChild(BlockJUnit4ClassRunner.java:50) [junit-4.11.jar:na]
	at org.junit.runners.ParentRunner$3.run(ParentRunner.java:238) [junit-4.11.jar:na]
	at org.junit.runners.ParentRunner$1.schedule(ParentRunner.java:63) [junit-4.11.jar:na]
	at org.junit.runners.ParentRunner.runChildren(ParentRunner.java:236) [junit-4.11.jar:na]
	at org.junit.runners.ParentRunner.access$000(ParentRunner.java:53) [junit-4.11.jar:na]
	at org.junit.runners.ParentRunner$2.evaluate(ParentRunner.java:229) [junit-4.11.jar:na]
	at org.junit.runners.ParentRunner.run(ParentRunner.java:309) [junit-4.11.jar:na]
	at org.junit.runners.Suite.runChild(Suite.java:127) [junit-4.11.jar:na]
	at org.junit.runners.Suite.runChild(Suite.java:26) [junit-4.11.jar:na]
	at org.junit.runners.ParentRunner$3.run(ParentRunner.java:238) [junit-4.11.jar:na]
	at org.junit.runners.ParentRunner$1.schedule(ParentRunner.java:63) [junit-4.11.jar:na]
	at org.junit.runners.ParentRunner.runChildren(ParentRunner.java:236) [junit-4.11.jar:na]
	at org.junit.runners.ParentRunner.access$000(ParentRunner.java:53) [junit-4.11.jar:na]
	at org.junit.runners.ParentRunner$2.evaluate(ParentRunner.java:229) [junit-4.11.jar:na]
	at org.junit.runners.ParentRunner.run(ParentRunner.java:309) [junit-4.11.jar:na]
	at org.junit.runner.JUnitCore.run(JUnitCore.java:160) [junit-4.11.jar:na]
	at org.junit.runner.JUnitCore.run(JUnitCore.java:138) [junit-4.11.jar:na]
	at org.apache.maven.surefire.junitcore.JUnitCoreWrapper.createReqestAndRun(JUnitCoreWrapper.java:139) [surefire-junit47-2.15.jar:2.15]
	at org.apache.maven.surefire.junitcore.JUnitCoreWrapper.executeEager(JUnitCoreWrapper.java:111) [surefire-junit47-2.15.jar:2.15]
	at org.apache.maven.surefire.junitcore.JUnitCoreWrapper.execute(JUnitCoreWrapper.java:84) [surefire-junit47-2.15.jar:2.15]
	at org.apache.maven.surefire.junitcore.JUnitCoreProvider.invoke(JUnitCoreProvider.java:135) [surefire-junit47-2.15.jar:2.15]
	at org.apache.maven.surefire.booter.ForkedBooter.invokeProviderInSameClassLoader(ForkedBooter.java:200) [surefire-booter-2.15.jar:2.15]
	at org.apache.maven.surefire.booter.ForkedBooter.runSuitesInProcess(ForkedBooter.java:153) [surefire-booter-2.15.jar:2.15]
	at org.apache.maven.surefire.booter.ForkedBooter.main(ForkedBooter.java:103) [surefire-booter-2.15.jar:2.15]
09:57:45.732 ERROR c.g.s.r.s.SimpleCovRcovSensor - Unable to save metrics for file: srcFile.rb
java.lang.NullPointerException: null
	at org.sonar.api.resources.File.<init>(File.java:54) ~[sonar-plugin-api-3.7.jar:na]
	at org.sonar.api.resources.File.fromIOFile(File.java:135) ~[sonar-plugin-api-3.7.jar:na]
	at com.godaddy.sonar.ruby.simplecovrcov.SimpleCovRcovSensor.calculateMetrics(SimpleCovRcovSensor.java:71) [classes/:na]
	at com.godaddy.sonar.ruby.simplecovrcov.SimpleCovRcovSensor.analyse(SimpleCovRcovSensor.java:51) [classes/:na]
	at com.godaddy.sonar.ruby.simplecovrcov.SimpleCovRcovSensorTest.testAnalyseWithOneSrcDir(SimpleCovRcovSensorTest.java:123) [test-classes/:na]
	at sun.reflect.NativeMethodAccessorImpl.invoke0(Native Method) ~[na:1.6.0_45]
	at sun.reflect.NativeMethodAccessorImpl.invoke(NativeMethodAccessorImpl.java:39) ~[na:1.6.0_45]
	at sun.reflect.DelegatingMethodAccessorImpl.invoke(DelegatingMethodAccessorImpl.java:25) ~[na:1.6.0_45]
	at java.lang.reflect.Method.invoke(Method.java:597) ~[na:1.6.0_45]
	at org.junit.runners.model.FrameworkMethod$1.runReflectiveCall(FrameworkMethod.java:47) [junit-4.11.jar:na]
	at org.junit.internal.runners.model.ReflectiveCallable.run(ReflectiveCallable.java:12) [junit-4.11.jar:na]
	at org.junit.runners.model.FrameworkMethod.invokeExplosively(FrameworkMethod.java:44) [junit-4.11.jar:na]
	at org.junit.internal.runners.statements.InvokeMethod.evaluate(InvokeMethod.java:17) [junit-4.11.jar:na]
	at org.junit.internal.runners.statements.RunBefores.evaluate(RunBefores.java:26) [junit-4.11.jar:na]
	at org.junit.runners.ParentRunner.runLeaf(ParentRunner.java:271) [junit-4.11.jar:na]
	at org.junit.runners.BlockJUnit4ClassRunner.runChild(BlockJUnit4ClassRunner.java:70) [junit-4.11.jar:na]
	at org.junit.runners.BlockJUnit4ClassRunner.runChild(BlockJUnit4ClassRunner.java:50) [junit-4.11.jar:na]
	at org.junit.runners.ParentRunner$3.run(ParentRunner.java:238) [junit-4.11.jar:na]
	at org.junit.runners.ParentRunner$1.schedule(ParentRunner.java:63) [junit-4.11.jar:na]
	at org.junit.runners.ParentRunner.runChildren(ParentRunner.java:236) [junit-4.11.jar:na]
	at org.junit.runners.ParentRunner.access$000(ParentRunner.java:53) [junit-4.11.jar:na]
	at org.junit.runners.ParentRunner$2.evaluate(ParentRunner.java:229) [junit-4.11.jar:na]
	at org.junit.runners.ParentRunner.run(ParentRunner.java:309) [junit-4.11.jar:na]
	at org.junit.runners.Suite.runChild(Suite.java:127) [junit-4.11.jar:na]
	at org.junit.runners.Suite.runChild(Suite.java:26) [junit-4.11.jar:na]
	at org.junit.runners.ParentRunner$3.run(ParentRunner.java:238) [junit-4.11.jar:na]
	at org.junit.runners.ParentRunner$1.schedule(ParentRunner.java:63) [junit-4.11.jar:na]
	at org.junit.runners.ParentRunner.runChildren(ParentRunner.java:236) [junit-4.11.jar:na]
	at org.junit.runners.ParentRunner.access$000(ParentRunner.java:53) [junit-4.11.jar:na]
	at org.junit.runners.ParentRunner$2.evaluate(ParentRunner.java:229) [junit-4.11.jar:na]
	at org.junit.runners.ParentRunner.run(ParentRunner.java:309) [junit-4.11.jar:na]
	at org.junit.runner.JUnitCore.run(JUnitCore.java:160) [junit-4.11.jar:na]
	at org.junit.runner.JUnitCore.run(JUnitCore.java:138) [junit-4.11.jar:na]
	at org.apache.maven.surefire.junitcore.JUnitCoreWrapper.createReqestAndRun(JUnitCoreWrapper.java:139) [surefire-junit47-2.15.jar:2.15]
	at org.apache.maven.surefire.junitcore.JUnitCoreWrapper.executeEager(JUnitCoreWrapper.java:111) [surefire-junit47-2.15.jar:2.15]
	at org.apache.maven.surefire.junitcore.JUnitCoreWrapper.execute(JUnitCoreWrapper.java:84) [surefire-junit47-2.15.jar:2.15]
	at org.apache.maven.surefire.junitcore.JUnitCoreProvider.invoke(JUnitCoreProvider.java:135) [surefire-junit47-2.15.jar:2.15]
	at org.apache.maven.surefire.booter.ForkedBooter.invokeProviderInSameClassLoader(ForkedBooter.java:200) [surefire-booter-2.15.jar:2.15]
	at org.apache.maven.surefire.booter.ForkedBooter.runSuitesInProcess(ForkedBooter.java:153) [surefire-booter-2.15.jar:2.15]
	at org.apache.maven.surefire.booter.ForkedBooter.main(ForkedBooter.java:103) [surefire-booter-2.15.jar:2.15]
Tests run: 6, Failures: 2, Errors: 0, Skipped: 0, Time elapsed: 0.047 sec <<< FAILURE! - in com.godaddy.sonar.ruby.simplecovrcov.SimpleCovRcovSensorTest
testAnalyseWithMoreThanOneSrcDir(com.godaddy.sonar.ruby.simplecovrcov.SimpleCovRcovSensorTest)  Time elapsed: 0.034 sec  <<< FAILURE!
java.lang.AssertionError: 
  Expectation failure on verify:
    SensorContext.saveMeasure(isA(com.godaddy.sonar.ruby.core.RubyFile), isA(org.sonar.api.measures.Measure)): expected: 36, actual: 0
	at org.easymock.internal.MocksControl.verify(MocksControl.java:226)
	at com.godaddy.sonar.ruby.simplecovrcov.SimpleCovRcovSensorTest.testAnalyseWithMoreThanOneSrcDir(SimpleCovRcovSensorTest.java:150)

testAnalyseWithOneSrcDir(com.godaddy.sonar.ruby.simplecovrcov.SimpleCovRcovSensorTest)  Time elapsed: 0.007 sec  <<< FAILURE!
java.lang.AssertionError: 
  Expectation failure on verify:
    SensorContext.saveMeasure(isA(com.godaddy.sonar.ruby.core.RubyFile), isA(org.sonar.api.measures.Measure)): expected: 9, actual: 0
	at org.easymock.internal.MocksControl.verify(MocksControl.java:226)
	at com.godaddy.sonar.ruby.simplecovrcov.SimpleCovRcovSensorTest.testAnalyseWithOneSrcDir(SimpleCovRcovSensorTest.java:125)


Results :

Failed tests: 
  RubyFileTest.testMatchFilePatternString:87 null
  RubyFileTest.testToString:93 null
  RubyFileTest.testRubyFileWithNullSourceDirs:46 expected:<[default][/]file> but was:<[default][\]file>
  RubyFileTest.testGetLongName:72 expected:<[source/]file> but was:<[]file>
  RubyFileTest.testGetParent:52 expected:<[source]> but was:<[[default]]>
  MetricfuComplexitySensorTest.testShouldAnalyzeProject:97 
  Unexpected method call SensorContext.saveMeasure(org.sonar.api.resources.File@1ce3570c[key=some_path/foo_bar.rb,dir=some_path,filename=foo_bar.rb,language=<null>], Metric[id=<null>,formula=org.sonar.api.measures.SumChildValuesFormula@361cb7a1,key=complexity,description=Cyclomatic complexity,type=INT,direction=-1,domain=Complexity,name=Complexity,qualitative=false,userManaged=false,enabled=true,origin=JAV,worstValue=<null>,bestValue=<null>,optimizedBestValue=false,hidden=false,deleteHistoricalData=false], 10.0):
    SensorContext.saveMeasure(isA(com.godaddy.sonar.ruby.core.RubyFile), isA(org.sonar.api.measures.Metric), isA(java.lang.Double)): expected: 2, actual: 0
    SensorContext.saveMeasure(isA(com.godaddy.sonar.ruby.core.RubyFile), isA(org.sonar.api.measures.Measure)): expected: 2, actual: 0
  RubyFileTest.test:33 array lengths differed, expected.length=1 actual.length=2
  RubySensorTest.testAnalyse:94 
  Unexpected method call SensorContext.saveMeasure(org.sonar.api.resources.File@34e93999[key=hello_world.rb,dir=<null>,filename=hello_world.rb,language=<null>], Metric[id=<null>,formula=org.sonar.api.measures.SumChildValuesFormula@3bc486f2,key=lines,description=Lines,type=INT,direction=-1,domain=Size,name=Lines,qualitative=false,userManaged=false,enabled=true,origin=JAV,worstValue=<null>,bestValue=<null>,optimizedBestValue=false,hidden=false,deleteHistoricalData=false], 20.0):
    SensorContext.saveMeasure(isA(com.godaddy.sonar.ruby.core.RubyFile), isA(org.sonar.api.measures.Metric), isA(java.lang.Double)): expected: 5, actual: 0
    SensorContext.saveMeasure(isA(com.godaddy.sonar.ruby.core.RubyPackage), isA(org.sonar.api.measures.Metric), isA(java.lang.Double)): expected: 1, actual: 0
  SimpleCovRcovSensorTest.testAnalyseWithMoreThanOneSrcDir:150 
  Expectation failure on verify:
    SensorContext.saveMeasure(isA(com.godaddy.sonar.ruby.core.RubyFile), isA(org.sonar.api.measures.Measure)): expected: 36, actual: 0
  SimpleCovRcovSensorTest.testAnalyseWithOneSrcDir:125 
  Expectation failure on verify:
    SensorContext.saveMeasure(isA(com.godaddy.sonar.ruby.core.RubyFile), isA(org.sonar.api.measures.Measure)): expected: 9, actual: 0

Tests run: 59, Failures: 10, Errors: 0, Skipped: 0

[INFO] ------------------------------------------------------------------------
[ERROR] BUILD FAILURE
[INFO] ------------------------------------------------------------------------
[INFO] There are test failures.

Please refer to D:\GDEV\ruby-sonar-plugin\target\surefire-reports for the individual test results.
[INFO] ------------------------------------------------------------------------
[INFO] For more information, run Maven with the -e switch
[INFO] ------------------------------------------------------------------------
[INFO] Total time: 5 seconds
[INFO] Finished at: Wed May 14 09:57:45 ICT 2014
[INFO] Final Memory: 40M/439M
[INFO] ------------------------------------------------------------------------
